#
# A fatal error has been detected by the Java Runtime Environment:
#
#  Internal Error (javaClasses.cpp:136), pid=80512, tid=81788
#  fatal error: Invalid layout of preloaded class
#
# JRE version:  (7.0_45-b18) (build )
# Java VM: Java HotSpot(TM) 64-Bit Server VM (24.45-b08 mixed mode windows-amd64 compressed oops)
# Failed to write core dump. Minidumps are not enabled by default on client versions of Windows
#
# If you would like to submit a bug report, please visit:
#   http://bugreport.sun.com/bugreport/crash.jsp
#

---------------  T H R E A D  ---------------

Current thread (0x000000000203d800):  JavaThread "Unknown thread" [_thread_in_vm, id=81788, stack(0x0000000001ec0000,0x0000000001fc0000)]

Stack: [0x0000000001ec0000,0x0000000001fc0000]

---------------  P R O C E S S  ---------------

Java Threads: ( => current thread )

Other Threads:

=>0x000000000203d800 (exited) JavaThread "Unknown thread" [_thread_in_vm, id=81788, stack(0x0000000001ec0000,0x0000000001fc0000)]

VM state:not at safepoint (not fully initialized)

VM Mutex/Monitor currently owned by a thread: None

GC Heap History (0 events):
No events

Deoptimization events (0 events):
No events

Internal exceptions (0 events):
No events

Events (10 events):
Event: 0.057 loading class 0x0000000002085510 done
Event: 0.057 loading class 0x0000000002084f30 done
Event: 0.057 loading class 0x0000000002084f10
Event: 0.057 loading class 0x000000000208d010
Event: 0.057 loading class 0x000000000208d010 done
Event: 0.057 loading class 0x000000000208d040
Event: 0.058 loading class 0x000000000208d040 done
Event: 0.058 loading class 0x000000000208d070
Event: 0.058 loading class 0x000000000208d070 done
Event: 0.058 loading class 0x0000000002084f10 done


Dynamic libraries:
0x00007ff668370000 - 0x00007ff6683a3000 	C:\Program Files\Java\jre7\bin\javaw.exe
0x00007ffe27740000 - 0x00007ffe278e9000 	C:\WINDOWS\SYSTEM32\ntdll.dll
0x00007ffe27600000 - 0x00007ffe27739000 	C:\WINDOWS\system32\KERNEL32.DLL
0x00007ffe24c90000 - 0x00007ffe24d9e000 	C:\WINDOWS\system32\KERNELBASE.dll
0x00007ffe236f0000 - 0x00007ffe2377b000 	C:\WINDOWS\system32\apphelp.dll
0x00007ffe19c10000 - 0x00007ffe19c5c000 	C:\WINDOWS\AppPatch\AppPatch64\AcGenral.DLL
0x00007ffe26bb0000 - 0x00007ffe26c57000 	C:\WINDOWS\system32\msvcrt.dll
0x00007ffe248a0000 - 0x00007ffe248cb000 	C:\WINDOWS\SYSTEM32\SspiCli.dll
0x00007ffe26740000 - 0x00007ffe26791000 	C:\WINDOWS\system32\SHLWAPI.dll
0x00007ffe26a30000 - 0x00007ffe26ba1000 	C:\WINDOWS\system32\USER32.dll
0x00007ffe267a0000 - 0x00007ffe26916000 	C:\WINDOWS\system32\ole32.dll
0x00007ffe25330000 - 0x00007ffe2673f000 	C:\WINDOWS\system32\SHELL32.dll
0x00007ffe24340000 - 0x00007ffe2435f000 	C:\WINDOWS\SYSTEM32\USERENV.dll
0x00007ffe25050000 - 0x00007ffe250f5000 	C:\WINDOWS\system32\ADVAPI32.dll
0x00007ffe1c100000 - 0x00007ffe1c11b000 	C:\WINDOWS\SYSTEM32\MPR.dll
0x00007ffe26c60000 - 0x00007ffe26d96000 	C:\WINDOWS\system32\RPCRT4.dll
0x00007ffe27050000 - 0x00007ffe270a7000 	C:\WINDOWS\SYSTEM32\sechost.dll
0x00007ffe27200000 - 0x00007ffe273d7000 	C:\WINDOWS\SYSTEM32\combase.dll
0x00007ffe270b0000 - 0x00007ffe271f5000 	C:\WINDOWS\system32\GDI32.dll
0x00007ffe24ac0000 - 0x00007ffe24ad4000 	C:\WINDOWS\SYSTEM32\profapi.dll
0x00007ffe23110000 - 0x00007ffe231b1000 	C:\WINDOWS\SYSTEM32\SHCORE.dll
0x00007ffe275c0000 - 0x00007ffe275f4000 	C:\WINDOWS\system32\IMM32.DLL
0x00007ffe251c0000 - 0x00007ffe252f8000 	C:\WINDOWS\system32\MSCTF.dll
0x00007ffe22870000 - 0x00007ffe22aca000 	C:\WINDOWS\WinSxS\amd64_microsoft.windows.common-controls_6595b64144ccf1df_6.0.9600.16384_none_62475f7becb72503\COMCTL32.dll
0x000000005e130000 - 0x000000005e202000 	C:\Program Files\Java\jre7\bin\msvcr100.dll
0x000000005d2f0000 - 0x000000005dab9000 	C:\Program Files\Java\jre7\bin\server\jvm.dll
0x00007ffe231c0000 - 0x00007ffe231c9000 	C:\WINDOWS\SYSTEM32\WSOCK32.dll
0x00007ffe21df0000 - 0x00007ffe21e0f000 	C:\WINDOWS\SYSTEM32\WINMM.dll
0x00007ffe25040000 - 0x00007ffe25047000 	C:\WINDOWS\system32\PSAPI.DLL
0x00007ffe24fd0000 - 0x00007ffe25028000 	C:\WINDOWS\system32\WS2_32.dll
0x00007ffe21b30000 - 0x00007ffe21b5a000 	C:\WINDOWS\SYSTEM32\WINMMBASE.dll
0x00007ffe26ea0000 - 0x00007ffe26ea9000 	C:\WINDOWS\system32\NSI.dll
0x00007ffe24f80000 - 0x00007ffe24fca000 	C:\WINDOWS\SYSTEM32\cfgmgr32.dll
0x00007ffe23970000 - 0x00007ffe23996000 	C:\WINDOWS\SYSTEM32\DEVOBJ.dll
0x000000005e120000 - 0x000000005e12f000 	C:\Program Files\Java\jre7\bin\verify.dll
0x000000005e0f0000 - 0x000000005e118000 	C:\Program Files\Java\jre7\bin\java.dll
0x000000005e000000 - 0x000000005e035000 	C:\Program Files\Java\jre7\bin\jdwp.dll
0x000000005dff0000 - 0x000000005dff8000 	C:\Program Files\Java\jre7\bin\npt.dll
0x000000005e0d0000 - 0x000000005e0e5000 	C:\Program Files\Java\jre7\bin\zip.dll

VM Arguments:
jvm_args: -agentlib:jdwp=transport=dt_socket,suspend=y,address=localhost:54066 -Dfile.encoding=Cp1252 -Xbootclasspath:C:\adt-bundle\sdk\platforms\android-18\android.jar 
java_command: br.com.br.sata.mobile.core.robo.BuscaCotacao
Launcher Type: SUN_STANDARD

Environment Variables:
PATH=C:\Program Files (x86)\NVIDIA Corporation\PhysX\Common;C:\Program Files (x86)\Intel\iCLS Client\;C:\Program Files\Intel\iCLS Client\;C:\WINDOWS\system32;C:\WINDOWS;C:\WINDOWS\System32\Wbem;C:\WINDOWS\System32\WindowsPowerShell\v1.0\;C:\Program Files (x86)\Windows Live\Shared;C:\Program Files\Intel\Intel(R) Management Engine Components\DAL;C:\Program Files\Intel\Intel(R) Management Engine Components\IPT;C:\Program Files (x86)\Intel\Intel(R) Management Engine Components\DAL;C:\Program Files (x86)\Intel\Intel(R) Management Engine Components\IPT;C:\Program Files (x86)\Intel\OpenCL SDK\2.0\bin\x86;C:\Program Files (x86)\Intel\OpenCL SDK\2.0\bin\x64;C:\Program Files\Condusiv Technologies\ExpressCache\;C:\Program Files\TortoiseHg\;C:\Program Files (x86)\QuickTime\QTSystem\
USERNAME=lynton
OS=Windows_NT
PROCESSOR_IDENTIFIER=Intel64 Family 6 Model 58 Stepping 9, GenuineIntel



---------------  S Y S T E M  ---------------

OS: Windows 8 , 64 bit Build 9200 

CPU:total 4 (2 cores per cpu, 2 threads per core) family 6 model 58 stepping 9, cmov, cx8, fxsr, mmx, sse, sse2, sse3, ssse3, sse4.1, sse4.2, popcnt, avx, aes, erms, ht, tsc, tscinvbit, tscinv

Memory: 4k page, physical 8271400k(2308220k free), swap 9582120k(2054168k free)

vm_info: Java HotSpot(TM) 64-Bit Server VM (24.45-b08) for windows-amd64 JRE (1.7.0_45-b18), built on Oct  8 2013 05:47:22 by "java_re" with unknown MS VC++:1600

time: Tue Sep 30 01:26:52 2014
elapsed time: 0 seconds

